This is pdfTeX, Version 3.1415926-1.40.10 (TeX Live 2009/Debian) (format=pdflatex 2011.7.19)  17 APR 2012 09:20
entering extended mode
 %&-line parsing enabled.
**Tableau_Info_MasterCCI_S3S4.tex
(./Tableau_Info_MasterCCI_S3S4.tex
LaTeX2e <2009/09/24>
Babel <v3.8l> and hyphenation patterns for english, usenglishmax, dumylang, noh
yphenation, french, basque, loaded.
! Undefined control sequence.
l.2 \definecolor
                {couleurFonce}{RGB}{160,0,10} % Couleur du Code APOGEE
? 
! Emergency stop.
l.2 \definecolor
                {couleurFonce}{RGB}{160,0,10} % Couleur du Code APOGEE
End of file on the terminal!

 
Here is how much of TeX's memory you used:
 5 strings out of 495028
 213 string characters out of 1181229
 45133 words of memory out of 3000000
 3291 multiletter control sequences out of 15000+50000
 3640 words of font info for 14 fonts, out of 3000000 for 9000
 28 hyphenation exceptions out of 8191
 5i,0n,1p,126b,8s stack positions out of 5000i,500n,10000p,200000b,50000s
!  ==> Fatal error occurred, no output PDF file produced!
